android/app/build/intermediates/manifest_merge_blame_file/debug/processDebugMainManifest/manifest-merger-blame-debug-report.txt
1<?xml version="1.0" encoding="utf-8"?>
2<manifest xmlns:android="http://schemas.android.com/apk/res/android"
3    package="com.marcopolo"
4    android:versionCode="1"
5    android:versionName="1.0.0" >
6
7    <uses-sdk
8        android:minSdkVersion="29"
9        android:targetSdkVersion="34" />
10
11    <!-- Permissions -->
12    <uses-permission android:name="android.permission.ACCESS_FINE_LOCATION" />
12-->src/main/AndroidManifest.xml:5:5-79
12-->src/main/AndroidManifest.xml:5:22-76
13    <uses-permission android:name="android.permission.ACCESS_COARSE_LOCATION" />
13-->src/main/AndroidManifest.xml:6:5-81
13-->src/main/AndroidManifest.xml:6:22-78
14    <uses-permission android:name="android.permission.INTERNET" />
14-->src/main/AndroidManifest.xml:7:5-67
14-->src/main/AndroidManifest.xml:7:22-64
15    <uses-permission android:name="android.permission.ACCESS_NETWORK_STATE" />
15-->src/main/AndroidManifest.xml:8:5-79
15-->src/main/AndroidManifest.xml:8:22-76
16    <uses-permission android:name="android.permission.FOREGROUND_SERVICE" />
16-->src/main/AndroidManifest.xml:9:5-77
16-->src/main/AndroidManifest.xml:9:22-74
17    <uses-permission android:name="android.permission.FOREGROUND_SERVICE_LOCATION" />
17-->src/main/AndroidManifest.xml:10:5-86
17-->src/main/AndroidManifest.xml:10:22-83
18    <uses-permission android:name="android.permission.POST_NOTIFICATIONS" />
18-->src/main/AndroidManifest.xml:11:5-77
18-->src/main/AndroidManifest.xml:11:22-74
19
20    <permission
20-->[androidx.core:core:1.13.1] AndroidManifest.xml:22:5-24:47
21        android:name="com.marcopolo.DYNAMIC_RECEIVER_NOT_EXPORTED_PERMISSION"
21-->[androidx.core:core:1.13.1] AndroidManifest.xml:23:9-81
22        android:protectionLevel="signature" />
22-->[androidx.core:core:1.13.1] AndroidManifest.xml:24:9-44
23
24    <uses-permission android:name="com.marcopolo.DYNAMIC_RECEIVER_NOT_EXPORTED_PERMISSION" />
24-->[androidx.core:core:1.13.1] AndroidManifest.xml:26:5-97
24-->[androidx.core:core:1.13.1] AndroidManifest.xml:26:22-94
25
26    <supports-screens
26-->[org.osmdroid:osmdroid-android:6.1.18] AndroidManifest.xml:9:5-12:40
27        android:anyDensity="true"
27-->[org.osmdroid:osmdroid-android:6.1.18] AndroidManifest.xml:10:9-34
28        android:largeScreens="true"
28-->[org.osmdroid:osmdroid-android:6.1.18] AndroidManifest.xml:11:9-36
29        android:normalScreens="true" />
29-->[org.osmdroid:osmdroid-android:6.1.18] AndroidManifest.xml:12:9-37
30
31    <uses-feature
31-->[org.osmdroid:osmdroid-android:6.1.18] AndroidManifest.xml:14:5-16:36
32        android:name="android.hardware.location.network"
32-->[org.osmdroid:osmdroid-android:6.1.18] AndroidManifest.xml:15:9-57
33        android:required="false" />
33-->[org.osmdroid:osmdroid-android:6.1.18] AndroidManifest.xml:16:9-33
34    <uses-feature
34-->[org.osmdroid:osmdroid-android:6.1.18] AndroidManifest.xml:17:5-19:36
35        android:name="android.hardware.location.gps"
35-->[org.osmdroid:osmdroid-android:6.1.18] AndroidManifest.xml:18:9-53
36        android:required="false" />
36-->[org.osmdroid:osmdroid-android:6.1.18] AndroidManifest.xml:19:9-33
37    <uses-feature
37-->[org.osmdroid:osmdroid-android:6.1.18] AndroidManifest.xml:20:5-22:36
38        android:name="android.hardware.telephony"
38-->[org.osmdroid:osmdroid-android:6.1.18] AndroidManifest.xml:21:9-50
39        android:required="false" />
39-->[org.osmdroid:osmdroid-android:6.1.18] AndroidManifest.xml:22:9-33
40    <uses-feature
40-->[org.osmdroid:osmdroid-android:6.1.18] AndroidManifest.xml:23:5-25:36
41        android:name="android.hardware.wifi"
41-->[org.osmdroid:osmdroid-android:6.1.18] AndroidManifest.xml:24:9-45
42        android:required="false" />
42-->[org.osmdroid:osmdroid-android:6.1.18] AndroidManifest.xml:25:9-33
43
44    <application
44-->src/main/AndroidManifest.xml:13:5-55:19
45        android:allowBackup="true"
45-->src/main/AndroidManifest.xml:14:9-35
46        android:appComponentFactory="androidx.core.app.CoreComponentFactory"
46-->[androidx.core:core:1.13.1] AndroidManifest.xml:28:18-86
47        android:debuggable="true"
48        android:extractNativeLibs="false"
49        android:hardwareAccelerated="true"
49-->src/main/AndroidManifest.xml:15:9-43
50        android:icon="@mipmap/ic_launcher"
50-->src/main/AndroidManifest.xml:16:9-43
51        android:label="Marco Polo"
51-->src/main/AndroidManifest.xml:17:9-35
52        android:networkSecurityConfig="@xml/network_security_config"
52-->src/main/AndroidManifest.xml:20:9-69
53        android:supportsRtl="true"
53-->src/main/AndroidManifest.xml:18:9-35
54        android:theme="@style/Theme.MarcoPolo" >
54-->src/main/AndroidManifest.xml:19:9-47
55        <activity
55-->src/main/AndroidManifest.xml:22:9-48:20
56            android:name="com.marcopolo.MainActivity"
56-->src/main/AndroidManifest.xml:23:13-41
57            android:exported="true"
57-->src/main/AndroidManifest.xml:24:13-36
58            android:launchMode="singleTask"
58-->src/main/AndroidManifest.xml:25:13-44
59            android:theme="@style/Theme.MarcoPolo" >
59-->src/main/AndroidManifest.xml:26:13-51
60            <intent-filter>
60-->src/main/AndroidManifest.xml:27:13-30:29
61                <action android:name="android.intent.action.MAIN" />
61-->src/main/AndroidManifest.xml:28:17-69
61-->src/main/AndroidManifest.xml:28:25-66
62
63                <category android:name="android.intent.category.LAUNCHER" />
63-->src/main/AndroidManifest.xml:29:17-77
63-->src/main/AndroidManifest.xml:29:27-74
64            </intent-filter>
65            <intent-filter>
65-->src/main/AndroidManifest.xml:31:13-38:29
66                <action android:name="android.intent.action.VIEW" />
66-->src/main/AndroidManifest.xml:32:17-69
66-->src/main/AndroidManifest.xml:32:25-66
67
68                <category android:name="android.intent.category.DEFAULT" />
68-->src/main/AndroidManifest.xml:33:17-76
68-->src/main/AndroidManifest.xml:33:27-73
69                <category android:name="android.intent.category.BROWSABLE" />
69-->src/main/AndroidManifest.xml:34:17-78
69-->src/main/AndroidManifest.xml:34:27-75
70
71                <data
71-->src/main/AndroidManifest.xml:35:17-37:43
72                    android:host="join"
72-->src/main/AndroidManifest.xml:37:21-40
73                    android:scheme="marcopolo" />
73-->src/main/AndroidManifest.xml:36:21-47
74            </intent-filter>
75            <intent-filter>
75-->src/main/AndroidManifest.xml:39:13-47:29
76                <action android:name="android.intent.action.VIEW" />
76-->src/main/AndroidManifest.xml:32:17-69
76-->src/main/AndroidManifest.xml:32:25-66
77
78                <category android:name="android.intent.category.DEFAULT" />
78-->src/main/AndroidManifest.xml:33:17-76
78-->src/main/AndroidManifest.xml:33:27-73
79                <category android:name="android.intent.category.BROWSABLE" />
79-->src/main/AndroidManifest.xml:34:17-78
79-->src/main/AndroidManifest.xml:34:27-75
80
81                <data
81-->src/main/AndroidManifest.xml:35:17-37:43
82                    android:host="marcopolo-relay.onrender.com"
82-->src/main/AndroidManifest.xml:37:21-40
83                    android:pathPrefix="/join"
83-->src/main/AndroidManifest.xml:46:21-47
84                    android:scheme="https" />
84-->src/main/AndroidManifest.xml:36:21-47
85            </intent-filter>
86        </activity>
87
88        <service
88-->src/main/AndroidManifest.xml:50:9-53:40
89            android:name="com.marcopolo.service.LocationService"
89-->src/main/AndroidManifest.xml:51:13-52
90            android:exported="false"
90-->src/main/AndroidManifest.xml:53:13-37
91            android:foregroundServiceType="location" />
91-->src/main/AndroidManifest.xml:52:13-53
92
93        <activity
93-->[com.google.android.gms:play-services-base:18.5.0] AndroidManifest.xml:5:9-173
94            android:name="com.google.android.gms.common.api.GoogleApiActivity"
94-->[com.google.android.gms:play-services-base:18.5.0] AndroidManifest.xml:5:19-85
95            android:exported="false"
95-->[com.google.android.gms:play-services-base:18.5.0] AndroidManifest.xml:5:146-170
96            android:theme="@android:style/Theme.Translucent.NoTitleBar" />
96-->[com.google.android.gms:play-services-base:18.5.0] AndroidManifest.xml:5:86-145
97
98        <meta-data
98-->[com.google.android.gms:play-services-basement:18.4.0] AndroidManifest.xml:6:9-122
99            android:name="com.google.android.gms.version"
99-->[com.google.android.gms:play-services-basement:18.4.0] AndroidManifest.xml:6:20-65
100            android:value="@integer/google_play_services_version" />
100-->[com.google.android.gms:play-services-basement:18.4.0] AndroidManifest.xml:6:66-119
101
102        <activity
102-->[androidx.compose.ui:ui-tooling-android:1.6.8] AndroidManifest.xml:23:9-25:39
103            android:name="androidx.compose.ui.tooling.PreviewActivity"
103-->[androidx.compose.ui:ui-tooling-android:1.6.8] AndroidManifest.xml:24:13-71
104            android:exported="true" />
104-->[androidx.compose.ui:ui-tooling-android:1.6.8] AndroidManifest.xml:25:13-36
105
106        <provider
106-->[androidx.emoji2:emoji2:1.3.0] AndroidManifest.xml:24:9-32:20
107            android:name="androidx.startup.InitializationProvider"
107-->[androidx.emoji2:emoji2:1.3.0] AndroidManifest.xml:25:13-67
108            android:authorities="com.marcopolo.androidx-startup"
108-->[androidx.emoji2:emoji2:1.3.0] AndroidManifest.xml:26:13-68
109            android:exported="false" >
109-->[androidx.emoji2:emoji2:1.3.0] AndroidManifest.xml:27:13-37
110            <meta-data
110-->[androidx.emoji2:emoji2:1.3.0] AndroidManifest.xml:29:13-31:52
111                android:name="androidx.emoji2.text.EmojiCompatInitializer"
111-->[androidx.emoji2:emoji2:1.3.0] AndroidManifest.xml:30:17-75
112                android:value="androidx.startup" />
112-->[androidx.emoji2:emoji2:1.3.0] AndroidManifest.xml:31:17-49
113            <meta-data
113-->[androidx.lifecycle:lifecycle-process:2.8.2] AndroidManifest.xml:29:13-31:52
114                android:name="androidx.lifecycle.ProcessLifecycleInitializer"
114-->[androidx.lifecycle:lifecycle-process:2.8.2] AndroidManifest.xml:30:17-78
115                android:value="androidx.startup" />
115-->[androidx.lifecycle:lifecycle-process:2.8.2] AndroidManifest.xml:31:17-49
116            <meta-data
116-->[androidx.profileinstaller:profileinstaller:1.3.1] AndroidManifest.xml:29:13-31:52
117                android:name="androidx.profileinstaller.ProfileInstallerInitializer"
117-->[androidx.profileinstaller:profileinstaller:1.3.1] AndroidManifest.xml:30:17-85
118                android:value="androidx.startup" />
118-->[androidx.profileinstaller:profileinstaller:1.3.1] AndroidManifest.xml:31:17-49
119        </provider>
120
121        <receiver
121-->[androidx.profileinstaller:profileinstaller:1.3.1] AndroidManifest.xml:34:9-52:20
122            android:name="androidx.profileinstaller.ProfileInstallReceiver"
122-->[androidx.profileinstaller:profileinstaller:1.3.1] AndroidManifest.xml:35:13-76
123            android:directBootAware="false"
123-->[androidx.profileinstaller:profileinstaller:1.3.1] AndroidManifest.xml:36:13-44
124            android:enabled="true"
124-->[androidx.profileinstaller:profileinstaller:1.3.1] AndroidManifest.xml:37:13-35
125            android:exported="true"
125-->[androidx.profileinstaller:profileinstaller:1.3.1] AndroidManifest.xml:38:13-36
126            android:permission="android.permission.DUMP" >
126-->[androidx.profileinstaller:profileinstaller:1.3.1] AndroidManifest.xml:39:13-57
127            <intent-filter>
127-->[androidx.profileinstaller:profileinstaller:1.3.1] AndroidManifest.xml:40:13-42:29
128                <action android:name="androidx.profileinstaller.action.INSTALL_PROFILE" />
128-->[androidx.profileinstaller:profileinstaller:1.3.1] AndroidManifest.xml:41:17-91
128-->[androidx.profileinstaller:profileinstaller:1.3.1] AndroidManifest.xml:41:25-88
129            </intent-filter>
130            <intent-filter>
130-->[androidx.profileinstaller:profileinstaller:1.3.1] AndroidManifest.xml:43:13-45:29
131                <action android:name="androidx.profileinstaller.action.SKIP_FILE" />
131-->[androidx.profileinstaller:profileinstaller:1.3.1] AndroidManifest.xml:44:17-85
131-->[androidx.profileinstaller:profileinstaller:1.3.1] AndroidManifest.xml:44:25-82
132            </intent-filter>
133            <intent-filter>
133-->[androidx.profileinstaller:profileinstaller:1.3.1] AndroidManifest.xml:46:13-48:29
134                <action android:name="androidx.profileinstaller.action.SAVE_PROFILE" />
134-->[androidx.profileinstaller:profileinstaller:1.3.1] AndroidManifest.xml:47:17-88
134-->[androidx.profileinstaller:profileinstaller:1.3.1] AndroidManifest.xml:47:25-85
135            </intent-filter>
136            <intent-filter>
136-->[androidx.profileinstaller:profileinstaller:1.3.1] AndroidManifest.xml:49:13-51:29
137                <action android:name="androidx.profileinstaller.action.BENCHMARK_OPERATION" />
137-->[androidx.profileinstaller:profileinstaller:1.3.1] AndroidManifest.xml:50:17-95
137-->[androidx.profileinstaller:profileinstaller:1.3.1] AndroidManifest.xml:50:25-92
138            </intent-filter>
139        </receiver>
140    </application>
141
142</manifest>